*ERROR* 	2014/12/04 - 19:56:52: Unknown column 'a.deleted' in 'where clause'<br /><br /><pre>
			SELECT SQL_CALC_FOUND_ROWS
			a.`id_order`,`reference`,`total_paid_tax_incl`,`payment`,a.date_add as date_add
			, 
		a.id_currency,
		a.id_order AS id_pdf,
		CONCAT(LEFT(c.`firstname`, 1), '. ', c.`lastname`) AS `customer`,
		osl.`name` AS `osname`,
		os.`color`,
		IF((SELECT COUNT(so.id_order) FROM `ps_orders` so WHERE so.id_customer = a.id_customer) > 1, 0, 1) as new,
		country_lang.name as cname,
		IF(a.valid, 1, 0) badge_success
			FROM `ps_orders` a
			
			
		LEFT JOIN `ps_customer` c ON (c.`id_customer` = a.`id_customer`)
		INNER JOIN `ps_address` address ON address.id_address = a.id_address_delivery
		INNER JOIN `ps_country` country ON address.id_country = country.id_country
		INNER JOIN `ps_country_lang` country_lang ON (country.`id_country` = country_lang.`id_country` AND country_lang.`id_lang` = 1)
		LEFT JOIN `ps_order_state` os ON (os.`id_order_state` = a.`current_state`)
		LEFT JOIN `ps_order_state_lang` osl ON (os.`id_order_state` = osl.`id_order_state` AND osl.`id_lang` = 1) 
			
			WHERE 1 AND a.`deleted` = 0 
			
			
			ORDER BY a.`id_order` asc LIMIT 0,50</pre> at line 635 in file classes/db/Db.php
*ERROR* 	2014/12/04 - 23:34:03: Unknown column 'supp.name' in 'where clause'<br /><br /><pre>
			SELECT SQL_CALC_FOUND_ROWS
			a.`id_product`,manuf.name as supp,b.name as name,`reference`,a.price as price,sa.active as active
			, manuf.`name` AS `manuf`, shop.name as shopname, a.id_shop_default, MAX(image_shop.id_image) id_image, cl.name `name_category`, sa.`price`, 0 AS price_final, a.`is_virtual`, pd.`nb_downloadable`, sav.`quantity` as sav_quantity, sa.`active`, IF(sav.`quantity`<=0, 1, 0) badge_danger
			FROM `ps_product` a
			LEFT JOIN `ps_product_lang` b ON (b.`id_product` = a.`id_product` AND b.`id_lang` = 1 AND b.`id_shop` = 1)
			
		LEFT JOIN `ps_image` i ON (i.`id_product` = a.`id_product`)
		LEFT JOIN `ps_stock_available` sav ON (sav.`id_product` = a.`id_product` AND sav.`id_product_attribute` = 0
		 AND sav.id_shop = 1  AND sav.id_shop_group = 0 )  JOIN `ps_product_shop` sa ON (a.`id_product` = sa.`id_product` AND sa.id_shop = a.id_shop_default)
				LEFT JOIN `ps_category_lang` cl ON (sa.`id_category_default` = cl.`id_category` AND b.`id_lang` = cl.`id_lang` AND cl.id_shop = a.id_shop_default)
				LEFT JOIN `ps_shop` shop ON (shop.id_shop = a.id_shop_default) 
				LEFT JOIN `ps_image_shop` image_shop ON (image_shop.`id_image` = i.`id_image` AND image_shop.`cover` = 1 AND image_shop.id_shop = a.id_shop_default)
				LEFT JOIN `ps_product_download` pd ON (pd.`id_product` = a.`id_product`)LEFT JOIN `ps_manufacturer` AS manuf ON (manuf.id_manufacturer = a.`id_manufacturer`) 
			
			WHERE 1  AND supp.`name` LIKE '%Fash%' 
			GROUP BY sa.id_product 
			
			ORDER BY a.`id_product` desc LIMIT 0,50</pre> at line 635 in file classes/db/Db.php
*ERROR* 	2014/12/04 - 23:34:41: Unknown column 'supp.name' in 'where clause'<br /><br /><pre>
			SELECT SQL_CALC_FOUND_ROWS
			a.`id_product`,b.name as name,`reference`,a.price as price,sa.active as active
			, manuf.`name` AS `manuf`, shop.name as shopname, a.id_shop_default, MAX(image_shop.id_image) id_image, cl.name `name_category`, sa.`price`, 0 AS price_final, a.`is_virtual`, pd.`nb_downloadable`, sav.`quantity` as sav_quantity, sa.`active`, IF(sav.`quantity`<=0, 1, 0) badge_danger
			FROM `ps_product` a
			LEFT JOIN `ps_product_lang` b ON (b.`id_product` = a.`id_product` AND b.`id_lang` = 1 AND b.`id_shop` = 1)
			
		LEFT JOIN `ps_image` i ON (i.`id_product` = a.`id_product`)
		LEFT JOIN `ps_stock_available` sav ON (sav.`id_product` = a.`id_product` AND sav.`id_product_attribute` = 0
		 AND sav.id_shop = 1  AND sav.id_shop_group = 0 )  JOIN `ps_product_shop` sa ON (a.`id_product` = sa.`id_product` AND sa.id_shop = a.id_shop_default)
				LEFT JOIN `ps_category_lang` cl ON (sa.`id_category_default` = cl.`id_category` AND b.`id_lang` = cl.`id_lang` AND cl.id_shop = a.id_shop_default)
				LEFT JOIN `ps_shop` shop ON (shop.id_shop = a.id_shop_default) 
				LEFT JOIN `ps_image_shop` image_shop ON (image_shop.`id_image` = i.`id_image` AND image_shop.`cover` = 1 AND image_shop.id_shop = a.id_shop_default)
				LEFT JOIN `ps_product_download` pd ON (pd.`id_product` = a.`id_product`)LEFT JOIN `ps_manufacturer` AS manuf ON (manuf.id_manufacturer = a.`id_manufacturer`) 
			
			WHERE 1  AND supp.`name` LIKE '%Fash%' 
			GROUP BY sa.id_product 
			
			ORDER BY a.`id_product` desc LIMIT 0,50</pre> at line 635 in file classes/db/Db.php
*ERROR* 	2014/12/04 - 23:35:15: Unknown column 'supp.name' in 'where clause'<br /><br /><pre>
			SELECT SQL_CALC_FOUND_ROWS
			a.`id_product`,b.name as name,`reference`,a.price as price,sa.active as active
			, manuf.`name` AS `manuf`, shop.name as shopname, a.id_shop_default, MAX(image_shop.id_image) id_image, cl.name `name_category`, sa.`price`, 0 AS price_final, a.`is_virtual`, pd.`nb_downloadable`, sav.`quantity` as sav_quantity, sa.`active`, IF(sav.`quantity`<=0, 1, 0) badge_danger
			FROM `ps_product` a
			LEFT JOIN `ps_product_lang` b ON (b.`id_product` = a.`id_product` AND b.`id_lang` = 1 AND b.`id_shop` = 1)
			
		LEFT JOIN `ps_image` i ON (i.`id_product` = a.`id_product`)
		LEFT JOIN `ps_stock_available` sav ON (sav.`id_product` = a.`id_product` AND sav.`id_product_attribute` = 0
		 AND sav.id_shop = 1  AND sav.id_shop_group = 0 )  JOIN `ps_product_shop` sa ON (a.`id_product` = sa.`id_product` AND sa.id_shop = a.id_shop_default)
				LEFT JOIN `ps_category_lang` cl ON (sa.`id_category_default` = cl.`id_category` AND b.`id_lang` = cl.`id_lang` AND cl.id_shop = a.id_shop_default)
				LEFT JOIN `ps_shop` shop ON (shop.id_shop = a.id_shop_default) 
				LEFT JOIN `ps_image_shop` image_shop ON (image_shop.`id_image` = i.`id_image` AND image_shop.`cover` = 1 AND image_shop.id_shop = a.id_shop_default)
				LEFT JOIN `ps_product_download` pd ON (pd.`id_product` = a.`id_product`)LEFT JOIN `ps_manufacturer` AS manuf ON (manuf.id_manufacturer = a.`id_manufacturer`) 
			
			WHERE 1  AND supp.`name` LIKE '%Fash%' 
			GROUP BY sa.id_product 
			
			ORDER BY a.`id_product` desc LIMIT 0,50</pre> at line 635 in file classes/db/Db.php
*ERROR* 	2014/12/04 - 23:36:11: Unknown column 'supp.name' in 'where clause'<br /><br /><pre>
			SELECT SQL_CALC_FOUND_ROWS
			a.`id_product`,b.name as name,`reference`,a.price as price,sa.active as active
			, manuf.`name` AS `manuf`, shop.name as shopname, a.id_shop_default, MAX(image_shop.id_image) id_image, cl.name `name_category`, sa.`price`, 0 AS price_final, a.`is_virtual`, pd.`nb_downloadable`, sav.`quantity` as sav_quantity, sa.`active`, IF(sav.`quantity`<=0, 1, 0) badge_danger
			FROM `ps_product` a
			LEFT JOIN `ps_product_lang` b ON (b.`id_product` = a.`id_product` AND b.`id_lang` = 1 AND b.`id_shop` = 1)
			
		LEFT JOIN `ps_image` i ON (i.`id_product` = a.`id_product`)
		LEFT JOIN `ps_stock_available` sav ON (sav.`id_product` = a.`id_product` AND sav.`id_product_attribute` = 0
		 AND sav.id_shop = 1  AND sav.id_shop_group = 0 )  JOIN `ps_product_shop` sa ON (a.`id_product` = sa.`id_product` AND sa.id_shop = a.id_shop_default)
				LEFT JOIN `ps_category_lang` cl ON (sa.`id_category_default` = cl.`id_category` AND b.`id_lang` = cl.`id_lang` AND cl.id_shop = a.id_shop_default)
				LEFT JOIN `ps_shop` shop ON (shop.id_shop = a.id_shop_default) 
				LEFT JOIN `ps_image_shop` image_shop ON (image_shop.`id_image` = i.`id_image` AND image_shop.`cover` = 1 AND image_shop.id_shop = a.id_shop_default)
				LEFT JOIN `ps_product_download` pd ON (pd.`id_product` = a.`id_product`)LEFT JOIN `ps_manufacturer` AS manuf ON (manuf.id_manufacturer = a.`id_manufacturer`) 
			
			WHERE 1  AND supp.`name` LIKE '%Fash%' 
			GROUP BY sa.id_product 
			
			ORDER BY a.`id_product` desc LIMIT 0,50</pre> at line 635 in file classes/db/Db.php
*ERROR* 	2014/12/04 - 23:37:04: Unknown column 'supp.name' in 'where clause'<br /><br /><pre>
			SELECT SQL_CALC_FOUND_ROWS
			a.`id_product`,b.name as name,`reference`,a.price as price,sa.active as active
			, manuf.`name` AS `manuf`, shop.name as shopname, a.id_shop_default, MAX(image_shop.id_image) id_image, cl.name `name_category`, sa.`price`, 0 AS price_final, a.`is_virtual`, pd.`nb_downloadable`, sav.`quantity` as sav_quantity, sa.`active`, IF(sav.`quantity`<=0, 1, 0) badge_danger
			FROM `ps_product` a
			LEFT JOIN `ps_product_lang` b ON (b.`id_product` = a.`id_product` AND b.`id_lang` = 1 AND b.`id_shop` = 1)
			
		LEFT JOIN `ps_image` i ON (i.`id_product` = a.`id_product`)
		LEFT JOIN `ps_stock_available` sav ON (sav.`id_product` = a.`id_product` AND sav.`id_product_attribute` = 0
		 AND sav.id_shop = 1  AND sav.id_shop_group = 0 )  JOIN `ps_product_shop` sa ON (a.`id_product` = sa.`id_product` AND sa.id_shop = a.id_shop_default)
				LEFT JOIN `ps_category_lang` cl ON (sa.`id_category_default` = cl.`id_category` AND b.`id_lang` = cl.`id_lang` AND cl.id_shop = a.id_shop_default)
				LEFT JOIN `ps_shop` shop ON (shop.id_shop = a.id_shop_default) 
				LEFT JOIN `ps_image_shop` image_shop ON (image_shop.`id_image` = i.`id_image` AND image_shop.`cover` = 1 AND image_shop.id_shop = a.id_shop_default)
				LEFT JOIN `ps_product_download` pd ON (pd.`id_product` = a.`id_product`)LEFT JOIN `ps_manufacturer` AS manuf ON (manuf.id_manufacturer = a.`id_manufacturer`) 
			
			WHERE 1  AND supp.`name` LIKE '%Fash%' 
			GROUP BY sa.id_product 
			
			ORDER BY a.`id_product` desc LIMIT 0,50</pre> at line 635 in file classes/db/Db.php
*ERROR* 	2014/12/04 - 23:37:16: Unknown column 'supp.name' in 'where clause'<br /><br /><pre>
			SELECT SQL_CALC_FOUND_ROWS
			a.`id_product`,b.name as name,`reference`,a.price as price,sa.active as active
			, manuf.`name` AS `manuf`, shop.name as shopname, a.id_shop_default, MAX(image_shop.id_image) id_image, cl.name `name_category`, sa.`price`, 0 AS price_final, a.`is_virtual`, pd.`nb_downloadable`, sav.`quantity` as sav_quantity, sa.`active`, IF(sav.`quantity`<=0, 1, 0) badge_danger
			FROM `ps_product` a
			LEFT JOIN `ps_product_lang` b ON (b.`id_product` = a.`id_product` AND b.`id_lang` = 1 AND b.`id_shop` = 1)
			
		LEFT JOIN `ps_image` i ON (i.`id_product` = a.`id_product`)
		LEFT JOIN `ps_stock_available` sav ON (sav.`id_product` = a.`id_product` AND sav.`id_product_attribute` = 0
		 AND sav.id_shop = 1  AND sav.id_shop_group = 0 )  JOIN `ps_product_shop` sa ON (a.`id_product` = sa.`id_product` AND sa.id_shop = a.id_shop_default)
				LEFT JOIN `ps_category_lang` cl ON (sa.`id_category_default` = cl.`id_category` AND b.`id_lang` = cl.`id_lang` AND cl.id_shop = a.id_shop_default)
				LEFT JOIN `ps_shop` shop ON (shop.id_shop = a.id_shop_default) 
				LEFT JOIN `ps_image_shop` image_shop ON (image_shop.`id_image` = i.`id_image` AND image_shop.`cover` = 1 AND image_shop.id_shop = a.id_shop_default)
				LEFT JOIN `ps_product_download` pd ON (pd.`id_product` = a.`id_product`)LEFT JOIN `ps_manufacturer` AS manuf ON (manuf.id_manufacturer = a.`id_manufacturer`) 
			
			WHERE 1  AND supp.`name` LIKE '%Fash%' 
			GROUP BY sa.id_product 
			
			ORDER BY a.`id_product` desc LIMIT 0,50</pre> at line 635 in file classes/db/Db.php
*ERROR* 	2014/12/04 - 23:37:38: Unknown column 'supp.name' in 'where clause'<br /><br /><pre>
			SELECT SQL_CALC_FOUND_ROWS
			a.`id_product`,b.name as name,`reference`,a.price as price,sa.active as active
			, manuf.`name` AS `manuf`, shop.name as shopname, a.id_shop_default, MAX(image_shop.id_image) id_image, cl.name `name_category`, sa.`price`, 0 AS price_final, a.`is_virtual`, pd.`nb_downloadable`, sav.`quantity` as sav_quantity, sa.`active`, IF(sav.`quantity`<=0, 1, 0) badge_danger
			FROM `ps_product` a
			LEFT JOIN `ps_product_lang` b ON (b.`id_product` = a.`id_product` AND b.`id_lang` = 1 AND b.`id_shop` = 1)
			
		LEFT JOIN `ps_image` i ON (i.`id_product` = a.`id_product`)
		LEFT JOIN `ps_stock_available` sav ON (sav.`id_product` = a.`id_product` AND sav.`id_product_attribute` = 0
		 AND sav.id_shop = 1  AND sav.id_shop_group = 0 )  JOIN `ps_product_shop` sa ON (a.`id_product` = sa.`id_product` AND sa.id_shop = a.id_shop_default)
				LEFT JOIN `ps_category_lang` cl ON (sa.`id_category_default` = cl.`id_category` AND b.`id_lang` = cl.`id_lang` AND cl.id_shop = a.id_shop_default)
				LEFT JOIN `ps_shop` shop ON (shop.id_shop = a.id_shop_default) 
				LEFT JOIN `ps_image_shop` image_shop ON (image_shop.`id_image` = i.`id_image` AND image_shop.`cover` = 1 AND image_shop.id_shop = a.id_shop_default)
				LEFT JOIN `ps_product_download` pd ON (pd.`id_product` = a.`id_product`)LEFT JOIN `ps_manufacturer` AS manuf ON (manuf.id_manufacturer = a.`id_manufacturer`) 
			
			WHERE 1  AND supp.`name` LIKE '%Fash%' 
			GROUP BY sa.id_product 
			
			ORDER BY a.`id_product` desc LIMIT 0,50</pre> at line 635 in file classes/db/Db.php
